android/app/build/intermediates/manifest_merge_blame_file/release/manifest-merger-blame-release-report.txt
1<?xml version="1.0" encoding="utf-8"?>
2<manifest xmlns:android="http://schemas.android.com/apk/res/android"
3    package="com.felixpro"
4    android:versionCode="15"
5    android:versionName="1.1.2" >
6
7    <uses-sdk
8        android:minSdkVersion="21"
8-->src\main\AndroidManifest.xml
9        android:targetSdkVersion="29" />
9-->src\main\AndroidManifest.xml
10
11    <uses-permission android:name="android.permission.INTERNET" />
11-->src\main\AndroidManifest.xml:4:5-67
11-->src\main\AndroidManifest.xml:4:22-64
12    <uses-permission android:name="android.permission.SYSTEM_ALERT_WINDOW" />
12-->src\main\AndroidManifest.xml:5:5-77
12-->src\main\AndroidManifest.xml:5:22-75
13    <uses-permission android:name="android.permission.ACCESS_COARSE_LOCATION" /> <!-- Include required permissions for Google Maps API to run. -->
13-->[:react-native-maps] AndroidManifest.xml:10:5-81
13-->[:react-native-maps] AndroidManifest.xml:10:22-78
14    <uses-permission android:name="android.permission.ACCESS_NETWORK_STATE" />
14-->[com.google.android.gms:play-services-maps:17.0.0] AndroidManifest.xml:23:5-79
14-->[com.google.android.gms:play-services-maps:17.0.0] AndroidManifest.xml:23:22-76
15
16    <uses-feature
16-->[com.google.android.gms:play-services-maps:17.0.0] AndroidManifest.xml:26:5-28:35
17        android:glEsVersion="0x00020000"
17-->[com.google.android.gms:play-services-maps:17.0.0] AndroidManifest.xml:27:9-41
18        android:required="true" />
18-->[com.google.android.gms:play-services-maps:17.0.0] AndroidManifest.xml:28:9-32
19
20    <uses-permission android:name="android.permission.WAKE_LOCK" />
20-->[com.google.android.gms:play-services-measurement-api:18.0.2] AndroidManifest.xml:24:5-68
20-->[com.google.android.gms:play-services-measurement-api:18.0.2] AndroidManifest.xml:24:22-65
21    <uses-permission android:name="com.google.android.finsky.permission.BIND_GET_INSTALL_REFERRER_SERVICE" />
21-->[com.google.android.gms:play-services-measurement:18.0.2] AndroidManifest.xml:26:5-110
21-->[com.google.android.gms:play-services-measurement:18.0.2] AndroidManifest.xml:26:22-107
22
23    <application
23-->src\main\AndroidManifest.xml:7:5-28:19
24        android:name="com.felixpro.MainApplication"
24-->src\main\AndroidManifest.xml:8:7-38
25        android:allowBackup="false"
25-->src\main\AndroidManifest.xml:11:7-34
26        android:appComponentFactory="androidx.core.app.CoreComponentFactory"
26-->[androidx.core:core:1.3.0] AndroidManifest.xml:24:18-86
27        android:icon="@mipmap/ic_launcher"
27-->src\main\AndroidManifest.xml:10:7-41
28        android:label="@string/app_name"
28-->src\main\AndroidManifest.xml:9:7-39
29        android:theme="@style/AppTheme"
29-->src\main\AndroidManifest.xml:13:7-38
30        android:usesCleartextTraffic="true" >
30-->src\main\AndroidManifest.xml:12:7-42
31        <meta-data
31-->src\main\AndroidManifest.xml:14:7-16:64
32            android:name="com.google.android.geo.API_KEY"
32-->src\main\AndroidManifest.xml:15:7-52
33            android:value="AIzaSyDvaS7W8iRIZTGJ6v5yePMWF4B2sCEVWqg" />
33-->src\main\AndroidManifest.xml:16:7-62
34
35        <activity
35-->src\main\AndroidManifest.xml:17:7-27:18
36            android:name="com.felixpro.MainActivity"
36-->src\main\AndroidManifest.xml:18:9-37
37            android:configChanges="keyboard|keyboardHidden|orientation|screenSize|uiMode"
37-->src\main\AndroidManifest.xml:20:9-86
38            android:label="@string/app_name"
38-->src\main\AndroidManifest.xml:19:9-41
39            android:launchMode="singleTask"
39-->src\main\AndroidManifest.xml:21:9-40
40            android:windowSoftInputMode="adjustResize" >
40-->src\main\AndroidManifest.xml:22:9-51
41            <intent-filter>
41-->src\main\AndroidManifest.xml:23:9-26:25
42                <action android:name="android.intent.action.MAIN" />
42-->src\main\AndroidManifest.xml:24:13-65
42-->src\main\AndroidManifest.xml:24:21-62
43
44                <category android:name="android.intent.category.LAUNCHER" />
44-->src\main\AndroidManifest.xml:25:13-73
44-->src\main\AndroidManifest.xml:25:23-70
45            </intent-filter>
46        </activity>
47
48        <meta-data
48-->[com.github.bumptech.glide:okhttp3-integration:4.11.0] AndroidManifest.xml:11:9-13:43
49            android:name="com.bumptech.glide.integration.okhttp3.OkHttpGlideModule"
49-->[com.github.bumptech.glide:okhttp3-integration:4.11.0] AndroidManifest.xml:12:13-84
50            android:value="GlideModule" />
50-->[com.github.bumptech.glide:okhttp3-integration:4.11.0] AndroidManifest.xml:13:13-40
51
52        <activity
52-->[com.google.android.gms:play-services-auth:19.0.0] AndroidManifest.xml:23:9-27:75
53            android:name="com.google.android.gms.auth.api.signin.internal.SignInHubActivity"
53-->[com.google.android.gms:play-services-auth:19.0.0] AndroidManifest.xml:24:13-93
54            android:excludeFromRecents="true"
54-->[com.google.android.gms:play-services-auth:19.0.0] AndroidManifest.xml:25:13-46
55            android:exported="false"
55-->[com.google.android.gms:play-services-auth:19.0.0] AndroidManifest.xml:26:13-37
56            android:theme="@android:style/Theme.Translucent.NoTitleBar" />
56-->[com.google.android.gms:play-services-auth:19.0.0] AndroidManifest.xml:27:13-72
57        <!--
58            Service handling Google Sign-In user revocation. For apps that do not integrate with
59            Google Sign-In, this service will never be started.
60        -->
61        <service
61-->[com.google.android.gms:play-services-auth:19.0.0] AndroidManifest.xml:33:9-37:51
62            android:name="com.google.android.gms.auth.api.signin.RevocationBoundService"
62-->[com.google.android.gms:play-services-auth:19.0.0] AndroidManifest.xml:34:13-89
63            android:exported="true"
63-->[com.google.android.gms:play-services-auth:19.0.0] AndroidManifest.xml:35:13-36
64            android:permission="com.google.android.gms.auth.api.signin.permission.REVOCATION_NOTIFICATION"
64-->[com.google.android.gms:play-services-auth:19.0.0] AndroidManifest.xml:36:13-107
65            android:visibleToInstantApps="true" /> <!-- Needs to be explicitly declared on P+ -->
65-->[com.google.android.gms:play-services-auth:19.0.0] AndroidManifest.xml:37:13-48
66        <uses-library
66-->[com.google.android.gms:play-services-maps:17.0.0] AndroidManifest.xml:33:9-35:40
67            android:name="org.apache.http.legacy"
67-->[com.google.android.gms:play-services-maps:17.0.0] AndroidManifest.xml:34:13-50
68            android:required="false" />
68-->[com.google.android.gms:play-services-maps:17.0.0] AndroidManifest.xml:35:13-37
69
70        <activity
70-->[com.google.android.gms:play-services-base:17.1.0] AndroidManifest.xml:23:9-26:75
71            android:name="com.google.android.gms.common.api.GoogleApiActivity"
71-->[com.google.android.gms:play-services-base:17.1.0] AndroidManifest.xml:24:13-79
72            android:exported="false"
72-->[com.google.android.gms:play-services-base:17.1.0] AndroidManifest.xml:25:13-37
73            android:theme="@android:style/Theme.Translucent.NoTitleBar" />
73-->[com.google.android.gms:play-services-base:17.1.0] AndroidManifest.xml:26:13-72
74
75        <service
75-->[com.google.android.gms:play-services-measurement-api:18.0.2] AndroidManifest.xml:27:9-33:19
76            android:name="com.google.firebase.components.ComponentDiscoveryService"
76-->[com.google.android.gms:play-services-measurement-api:18.0.2] AndroidManifest.xml:28:13-84
77            android:directBootAware="true"
77-->[com.google.firebase:firebase-common:19.5.0] AndroidManifest.xml:35:13-43
78            android:exported="false" >
78-->[com.google.android.gms:play-services-measurement-api:18.0.2] AndroidManifest.xml:29:13-37
79            <meta-data
79-->[com.google.android.gms:play-services-measurement-api:18.0.2] AndroidManifest.xml:30:13-32:85
80                android:name="com.google.firebase.components:com.google.firebase.analytics.connector.internal.AnalyticsConnectorRegistrar"
80-->[com.google.android.gms:play-services-measurement-api:18.0.2] AndroidManifest.xml:31:17-139
81                android:value="com.google.firebase.components.ComponentRegistrar" />
81-->[com.google.android.gms:play-services-measurement-api:18.0.2] AndroidManifest.xml:32:17-82
82            <meta-data
82-->[com.google.firebase:firebase-installations:16.3.5] AndroidManifest.xml:18:13-20:85
83                android:name="com.google.firebase.components:com.google.firebase.installations.FirebaseInstallationsRegistrar"
83-->[com.google.firebase:firebase-installations:16.3.5] AndroidManifest.xml:19:17-127
84                android:value="com.google.firebase.components.ComponentRegistrar" />
84-->[com.google.firebase:firebase-installations:16.3.5] AndroidManifest.xml:20:17-82
85            <!--
86                This registrar is not defined in the dynamic-module-support sdk itself to allow non-firebase
87                clients to use it as well, by defining this registrar in their own core/common library.
88            -->
89            <meta-data
89-->[com.google.firebase:firebase-common:19.5.0] AndroidManifest.xml:43:13-45:85
90                android:name="com.google.firebase.components:com.google.firebase.dynamicloading.DynamicLoadingRegistrar"
90-->[com.google.firebase:firebase-common:19.5.0] AndroidManifest.xml:44:17-121
91                android:value="com.google.firebase.components.ComponentRegistrar" />
91-->[com.google.firebase:firebase-common:19.5.0] AndroidManifest.xml:45:17-82
92        </service>
93
94        <provider
94-->[com.google.firebase:firebase-common:19.5.0] AndroidManifest.xml:26:9-31:39
95            android:name="com.google.firebase.provider.FirebaseInitProvider"
95-->[com.google.firebase:firebase-common:19.5.0] AndroidManifest.xml:27:13-77
96            android:authorities="com.felixpro.firebaseinitprovider"
96-->[com.google.firebase:firebase-common:19.5.0] AndroidManifest.xml:28:13-72
97            android:directBootAware="true"
97-->[com.google.firebase:firebase-common:19.5.0] AndroidManifest.xml:29:13-43
98            android:exported="false"
98-->[com.google.firebase:firebase-common:19.5.0] AndroidManifest.xml:30:13-37
99            android:initOrder="100" />
99-->[com.google.firebase:firebase-common:19.5.0] AndroidManifest.xml:31:13-36
100
101        <receiver
101-->[com.google.android.gms:play-services-measurement:18.0.2] AndroidManifest.xml:29:9-33:20
102            android:name="com.google.android.gms.measurement.AppMeasurementReceiver"
102-->[com.google.android.gms:play-services-measurement:18.0.2] AndroidManifest.xml:30:13-85
103            android:enabled="true"
103-->[com.google.android.gms:play-services-measurement:18.0.2] AndroidManifest.xml:31:13-35
104            android:exported="false" >
104-->[com.google.android.gms:play-services-measurement:18.0.2] AndroidManifest.xml:32:13-37
105        </receiver>
106
107        <service
107-->[com.google.android.gms:play-services-measurement:18.0.2] AndroidManifest.xml:35:9-38:40
108            android:name="com.google.android.gms.measurement.AppMeasurementService"
108-->[com.google.android.gms:play-services-measurement:18.0.2] AndroidManifest.xml:36:13-84
109            android:enabled="true"
109-->[com.google.android.gms:play-services-measurement:18.0.2] AndroidManifest.xml:37:13-35
110            android:exported="false" />
110-->[com.google.android.gms:play-services-measurement:18.0.2] AndroidManifest.xml:38:13-37
111        <service
111-->[com.google.android.gms:play-services-measurement:18.0.2] AndroidManifest.xml:39:9-43:72
112            android:name="com.google.android.gms.measurement.AppMeasurementJobService"
112-->[com.google.android.gms:play-services-measurement:18.0.2] AndroidManifest.xml:40:13-87
113            android:enabled="true"
113-->[com.google.android.gms:play-services-measurement:18.0.2] AndroidManifest.xml:41:13-35
114            android:exported="false"
114-->[com.google.android.gms:play-services-measurement:18.0.2] AndroidManifest.xml:42:13-37
115            android:permission="android.permission.BIND_JOB_SERVICE" />
115-->[com.google.android.gms:play-services-measurement:18.0.2] AndroidManifest.xml:43:13-69
116
117        <meta-data
117-->[com.google.android.gms:play-services-basement:17.1.1] AndroidManifest.xml:23:9-25:69
118            android:name="com.google.android.gms.version"
118-->[com.google.android.gms:play-services-basement:17.1.1] AndroidManifest.xml:24:13-58
119            android:value="@integer/google_play_services_version" />
119-->[com.google.android.gms:play-services-basement:17.1.1] AndroidManifest.xml:25:13-66
120    </application>
121
122</manifest>